[33mwarn[39m:    --minUptime not set. Defaulting to: 1000ms
[33mwarn[39m:    --spinSleepTime not set. Your script will exit if it does not stay up for at least 1000ms
{ GD9230A11: { id: 'c2D', name: 'ã‚µãƒ„ãƒã‚¤ãƒ¢', org: '2Dã‚¯ãƒ©ã‚¹' },
  GD94TMBFU: { id: 'c2C', name: 'ãƒ‘ãƒ³ã‚±ãƒ¼ã‚­å±‹ã•ã‚“', org: 'ï¼’Cã‚¯ãƒ©ã‚¹' },
  GD8V5QQ12: { id: 'c4M', name: 'ãŠå¥½ã¿ç„¼ã', org: 'ï¼”Mæœ‰å¿—' },
  GD9ACAZ0D: { id: 'v4E', name: 'å›£å­ã‚«ãƒ•ã‚§', org: 'ï¼”Eæœ‰å¿—' },
  GDAFJ9XC6: { id: 'nr', name: 'ã‚¯ãƒ¬ãƒ¼ãƒ—', org: 'è¾²æ—åŒå¥½ä¼š' },
  GD8GEG18R: { id: 'abd', name: 'ç•™å­¦ç”Ÿ', org: 'ç•™å­¦ç”Ÿ' },
  GD9231CLT: { id: 'v5D', name: 'ç¶¿é£´å±‹', org: 'ï¼•Dæœ‰å¿—' },
  GD8GEGDCH: { id: 'hl', name: 'ã‚¿ãƒ”ã‚ªã‚«', org: 'æ‰‹è©±' },
  GD94TNLUA: { id: 'v2M', name: 'ãŸã“ç„¼ã', org: 'ï¼’Mæœ‰å¿—' },
  GD9231WFM: { id: 'v2AS', name: 'ãƒã‚¸ãƒŸå±‹', org: 'ï¼’å¹´å°‚æ”»ç§‘æœ‰å¿—' },
  GDA6G1J9M: { id: 'v5C', name: 'ãƒãƒ£ãƒ¼ãƒãƒ³', org: 'ï¼•Cæœ‰å¿—' },
  GD94TP1EW: { id: 'c1AC', name: 'é£²ã¿ç‰©', org: 'ï¼‘å¹´å°‚æ”»ç§‘' },
  GD9ACCG3X: { id: 'v4C', name: 'ç„¼ãé¤ƒå­', org: 'ï¼”Cæœ‰å¿—' },
  GD9ACCLHK: { id: 'v3D', name: 'ãƒ•ãƒ«ãƒ¼ãƒ„ã‚µãƒ³ãƒ‰', org: 'ï¼“Dæœ‰å¿—' },
  GD8GEHCPK: { id: 'c4J', name: 'ãƒãƒ§ã‚³ãƒãƒŠãƒŠ', org: 'ï¼”Jã‚¯ãƒ©ã‚¹' },
  GDA6G28QP: { id: 'sw', name: 'ç„¼ããã°', org: 'æ°´æ³³éƒ¨' },
  GDAFJBV0E: { id: 'fb', name: 'ãƒˆãƒ«ãƒãƒ¼ãƒ‰ãƒãƒ†ãƒˆ', org: 'ã‚µãƒƒã‚«ãƒ¼' },
  GDAFJBZ1C: { id: 'fs', name: 'ãƒãƒ†ãƒˆ', org: 'ãƒ•ãƒƒãƒˆã‚µãƒ«' },
  GD8V5T9HA: { id: 'yku', name: 'ãƒ©ãƒ¼ãƒ¡ãƒ³', org: 'é‡çƒ' },
  GD9ACDHMK: { id: 'bd', name: 'ãƒãƒ¥ãƒ­ã‚¹', org: 'ãƒãƒˆãƒŸãƒ³ãƒˆãƒ³' },
  GD8CJQLRE: { id: 'hb', name: 'ã‚ã‚‰ã³é¤…', org: 'ãƒãƒ³ãƒ‰ãƒœãƒ¼ãƒ«' },
  GDAFJCJ4W: { id: 'cm', name: 'ã‘ã‚“ã¡ã‚“æ±', org: 'ç§‘å­¦éƒ¨' },
  GD8V5TQCC: { id: 'htb', name: 'ç„¼ãé³¥', org: 'ç¡¬å¼ãƒ†ãƒ‹ã‚¹' },
  GD8GEJKG9: { id: 'vb', name: 'ãƒ›ãƒƒãƒˆãƒ‰ãƒƒã‚°', org: 'ãƒãƒ¬ãƒ¼éƒ¨' },
  GD94TQSH0: { id: 'bsk', name: 'ç‰›ä¸²', org: 'ãƒã‚¹ã‚±' },
  GDAFJCY6S: { id: 'tnf', name: 'ãƒ•ãƒ©ãƒ³ã‚¯ãƒ•ãƒ«ãƒˆ', org: 'é™¸ä¸Š' },
  GD9ACE99B: { id: 'cyc', name: 'ä»Šå·ç„¼ã', org: 'è‡ªå‹•è»Š' },
  GD9234A9H: { id: 'v5M', name: 'ã‚¹ã‚¿ãƒ³ãƒ—ãƒ©ãƒªãƒ¼', org: 'ï¼•Mæœ‰å¿—' },
  GD9234DTM: { id: 'c14', name: 'ã‚²ãƒ¼ãƒ ', org: 'ï¼”çµ„ã‚¯ãƒ©ã‚¹' },
  GD9ACEQ0M: { id: 'vM', name: 'å­¦ç§‘ä¼ç”»', org: 'Mç§‘æœ‰å¿—' },
  GD94TRH3L: { id: 'c13', name: 'å°„çš„', org: 'ï¼“çµ„ã‚¯ãƒ©ã‚¹' },
  GDAFJDPGE: { id: 'v14', name: 'ãƒãƒˆãƒ«ãƒ‰ãƒ¼ãƒ ', org: 'ï¼‘çµ„æœ‰å¿—' },
  GD8CJRYFJ: { id: 'c4D', name: 'ãƒˆãƒªãƒƒã‚¯ã‚ªã‚¢ãƒˆãƒªãƒ¼ãƒˆ', org: 'ï¼”ï¼¤ã‚¯ãƒ©ã‚¹' },
  GD9ACF59T: { id: 'v4D', name: 'ä¼‘æ†©æ‰€', org: 'ï¼”ï¼¤æœ‰å¿—' },
  GDA6G4LTH: { id: 'kusa', name: 'æ£®ã®ãƒŸãƒ¥ãƒ¼ã‚¸ã‚¢ãƒ ', org: 'è¾²æ—åŒå¥½ä¼š' },
  GD8CJSBHN: { id: 'pg', name: 'å†™çœŸå±•ç¤º', org: 'å†™çœŸéƒ¨' },
  GD8CJSGAC: { id: 'gcat', name: 'ã‚²ãƒ¼ãƒ å±•ç¤º', org: 'ï¼§ï¼ï¼£ï¼¡ï¼´' },
  GD8CJSML0: { id: 'tea', name: 'ãŠèŒ¶å‡ºã—', org: 'èŒ¶é“éƒ¨' } }
start process
{"message":"start process","level":"info"}
hello slack
{"message":"hello slack","level":"info"}
start slack process
GCSFWFUE8
not mogi GCSFWFUE8
GD8GEG18R
abd ç•™å­¦ç”Ÿ
/home/kfes/workspace/2018.perform/bot/bot.js:171
    }else if(text.split(' ')[0]==='.goods'){
          ^

ReferenceError: text is not defined
    at RTMClient.rtm.on (/home/kfes/workspace/2018.perform/bot/bot.js:171:11)
    at RTMClient.emit (/home/kfes/workspace/2018.perform/bot/node_modules/eventemitter3/index.js:181:35)
    at RTMClient.onWebsocketMessage (/home/kfes/workspace/2018.perform/bot/node_modules/@slack/client/dist/RTMClient.js:475:14)
    at WebSocket.onMessage (/home/kfes/workspace/2018.perform/bot/node_modules/ws/lib/event-target.js:120:16)
    at emitOne (events.js:116:13)
    at WebSocket.emit (events.js:211:7)
    at Receiver.receiverOnMessage (/home/kfes/workspace/2018.perform/bot/node_modules/ws/lib/websocket.js:720:20)
    at emitOne (events.js:116:13)
    at Receiver.emit (events.js:211:7)
    at Receiver.dataMessage (/home/kfes/workspace/2018.perform/bot/node_modules/ws/lib/receiver.js:414:14)
error: Forever detected script exited with code: 1
error: Script restart attempt #1
{ GD9230A11: { id: 'c2D', name: 'ã‚µãƒ„ãƒã‚¤ãƒ¢', org: '2Dã‚¯ãƒ©ã‚¹' },
  GD94TMBFU: { id: 'c2C', name: 'ãƒ‘ãƒ³ã‚±ãƒ¼ã‚­å±‹ã•ã‚“', org: 'ï¼’Cã‚¯ãƒ©ã‚¹' },
  GD8V5QQ12: { id: 'c4M', name: 'ãŠå¥½ã¿ç„¼ã', org: 'ï¼”Mæœ‰å¿—' },
  GD9ACAZ0D: { id: 'v4E', name: 'å›£å­ã‚«ãƒ•ã‚§', org: 'ï¼”Eæœ‰å¿—' },
  GDAFJ9XC6: { id: 'nr', name: 'ã‚¯ãƒ¬ãƒ¼ãƒ—', org: 'è¾²æ—åŒå¥½ä¼š' },
  GD8GEG18R: { id: 'abd', name: 'ç•™å­¦ç”Ÿ', org: 'ç•™å­¦ç”Ÿ' },
  GD9231CLT: { id: 'v5D', name: 'ç¶¿é£´å±‹', org: 'ï¼•Dæœ‰å¿—' },
  GD8GEGDCH: { id: 'hl', name: 'ã‚¿ãƒ”ã‚ªã‚«', org: 'æ‰‹è©±' },
  GD94TNLUA: { id: 'v2M', name: 'ãŸã“ç„¼ã', org: 'ï¼’Mæœ‰å¿—' },
  GD9231WFM: { id: 'v2AS', name: 'ãƒã‚¸ãƒŸå±‹', org: 'ï¼’å¹´å°‚æ”»ç§‘æœ‰å¿—' },
  GDA6G1J9M: { id: 'v5C', name: 'ãƒãƒ£ãƒ¼ãƒãƒ³', org: 'ï¼•Cæœ‰å¿—' },
  GD94TP1EW: { id: 'c1AC', name: 'é£²ã¿ç‰©', org: 'ï¼‘å¹´å°‚æ”»ç§‘' },
  GD9ACCG3X: { id: 'v4C', name: 'ç„¼ãé¤ƒå­', org: 'ï¼”Cæœ‰å¿—' },
  GD9ACCLHK: { id: 'v3D', name: 'ãƒ•ãƒ«ãƒ¼ãƒ„ã‚µãƒ³ãƒ‰', org: 'ï¼“Dæœ‰å¿—' },
  GD8GEHCPK: { id: 'c4J', name: 'ãƒãƒ§ã‚³ãƒãƒŠãƒŠ', org: 'ï¼”Jã‚¯ãƒ©ã‚¹' },
  GDA6G28QP: { id: 'sw', name: 'ç„¼ããã°', org: 'æ°´æ³³éƒ¨' },
  GDAFJBV0E: { id: 'fb', name: 'ãƒˆãƒ«ãƒãƒ¼ãƒ‰ãƒãƒ†ãƒˆ', org: 'ã‚µãƒƒã‚«ãƒ¼' },
  GDAFJBZ1C: { id: 'fs', name: 'ãƒãƒ†ãƒˆ', org: 'ãƒ•ãƒƒãƒˆã‚µãƒ«' },
  GD8V5T9HA: { id: 'yku', name: 'ãƒ©ãƒ¼ãƒ¡ãƒ³', org: 'é‡çƒ' },
  GD9ACDHMK: { id: 'bd', name: 'ãƒãƒ¥ãƒ­ã‚¹', org: 'ãƒãƒˆãƒŸãƒ³ãƒˆãƒ³' },
  GD8CJQLRE: { id: 'hb', name: 'ã‚ã‚‰ã³é¤…', org: 'ãƒãƒ³ãƒ‰ãƒœãƒ¼ãƒ«' },
  GDAFJCJ4W: { id: 'cm', name: 'ã‘ã‚“ã¡ã‚“æ±', org: 'ç§‘å­¦éƒ¨' },
  GD8V5TQCC: { id: 'htb', name: 'ç„¼ãé³¥', org: 'ç¡¬å¼ãƒ†ãƒ‹ã‚¹' },
  GD8GEJKG9: { id: 'vb', name: 'ãƒ›ãƒƒãƒˆãƒ‰ãƒƒã‚°', org: 'ãƒãƒ¬ãƒ¼éƒ¨' },
  GD94TQSH0: { id: 'bsk', name: 'ç‰›ä¸²', org: 'ãƒã‚¹ã‚±' },
  GDAFJCY6S: { id: 'tnf', name: 'ãƒ•ãƒ©ãƒ³ã‚¯ãƒ•ãƒ«ãƒˆ', org: 'é™¸ä¸Š' },
  GD9ACE99B: { id: 'cyc', name: 'ä»Šå·ç„¼ã', org: 'è‡ªå‹•è»Š' },
  GD9234A9H: { id: 'v5M', name: 'ã‚¹ã‚¿ãƒ³ãƒ—ãƒ©ãƒªãƒ¼', org: 'ï¼•Mæœ‰å¿—' },
  GD9234DTM: { id: 'c14', name: 'ã‚²ãƒ¼ãƒ ', org: 'ï¼”çµ„ã‚¯ãƒ©ã‚¹' },
  GD9ACEQ0M: { id: 'vM', name: 'å­¦ç§‘ä¼ç”»', org: 'Mç§‘æœ‰å¿—' },
  GD94TRH3L: { id: 'c13', name: 'å°„çš„', org: 'ï¼“çµ„ã‚¯ãƒ©ã‚¹' },
  GDAFJDPGE: { id: 'v14', name: 'ãƒãƒˆãƒ«ãƒ‰ãƒ¼ãƒ ', org: 'ï¼‘çµ„æœ‰å¿—' },
  GD8CJRYFJ: { id: 'c4D', name: 'ãƒˆãƒªãƒƒã‚¯ã‚ªã‚¢ãƒˆãƒªãƒ¼ãƒˆ', org: 'ï¼”ï¼¤ã‚¯ãƒ©ã‚¹' },
  GD9ACF59T: { id: 'v4D', name: 'ä¼‘æ†©æ‰€', org: 'ï¼”ï¼¤æœ‰å¿—' },
  GDA6G4LTH: { id: 'kusa', name: 'æ£®ã®ãƒŸãƒ¥ãƒ¼ã‚¸ã‚¢ãƒ ', org: 'è¾²æ—åŒå¥½ä¼š' },
  GD8CJSBHN: { id: 'pg', name: 'å†™çœŸå±•ç¤º', org: 'å†™çœŸéƒ¨' },
  GD8CJSGAC: { id: 'gcat', name: 'ã‚²ãƒ¼ãƒ å±•ç¤º', org: 'ï¼§ï¼ï¼£ï¼¡ï¼´' },
  GD8CJSML0: { id: 'tea', name: 'ãŠèŒ¶å‡ºã—', org: 'èŒ¶é“éƒ¨' } }
start process
{"message":"start process","level":"info"}
hello slack
{"message":"hello slack","level":"info"}
start slack process
GCSFWFUE8
not mogi GCSFWFUE8
GD8GEG18R
abd ç•™å­¦ç”Ÿ
/home/kfes/workspace/2018.perform/bot/bot.js:171
    }else if(text.split(' ')[0]==='.goods'){
          ^

ReferenceError: text is not defined
    at RTMClient.rtm.on (/home/kfes/workspace/2018.perform/bot/bot.js:171:11)
    at RTMClient.emit (/home/kfes/workspace/2018.perform/bot/node_modules/eventemitter3/index.js:181:35)
    at RTMClient.onWebsocketMessage (/home/kfes/workspace/2018.perform/bot/node_modules/@slack/client/dist/RTMClient.js:475:14)
    at WebSocket.onMessage (/home/kfes/workspace/2018.perform/bot/node_modules/ws/lib/event-target.js:120:16)
    at emitOne (events.js:116:13)
    at WebSocket.emit (events.js:211:7)
    at Receiver.receiverOnMessage (/home/kfes/workspace/2018.perform/bot/node_modules/ws/lib/websocket.js:720:20)
    at emitOne (events.js:116:13)
    at Receiver.emit (events.js:211:7)
    at Receiver.dataMessage (/home/kfes/workspace/2018.perform/bot/node_modules/ws/lib/receiver.js:414:14)
error: Forever detected script exited with code: 1
error: Script restart attempt #2
{ GD9230A11: { id: 'c2D', name: 'ã‚µãƒ„ãƒã‚¤ãƒ¢', org: '2Dã‚¯ãƒ©ã‚¹' },
  GD94TMBFU: { id: 'c2C', name: 'ãƒ‘ãƒ³ã‚±ãƒ¼ã‚­å±‹ã•ã‚“', org: 'ï¼’Cã‚¯ãƒ©ã‚¹' },
  GD8V5QQ12: { id: 'c4M', name: 'ãŠå¥½ã¿ç„¼ã', org: 'ï¼”Mæœ‰å¿—' },
  GD9ACAZ0D: { id: 'v4E', name: 'å›£å­ã‚«ãƒ•ã‚§', org: 'ï¼”Eæœ‰å¿—' },
  GDAFJ9XC6: { id: 'nr', name: 'ã‚¯ãƒ¬ãƒ¼ãƒ—', org: 'è¾²æ—åŒå¥½ä¼š' },
  GD8GEG18R: { id: 'abd', name: 'ç•™å­¦ç”Ÿ', org: 'ç•™å­¦ç”Ÿ' },
  GD9231CLT: { id: 'v5D', name: 'ç¶¿é£´å±‹', org: 'ï¼•Dæœ‰å¿—' },
  GD8GEGDCH: { id: 'hl', name: 'ã‚¿ãƒ”ã‚ªã‚«', org: 'æ‰‹è©±' },
  GD94TNLUA: { id: 'v2M', name: 'ãŸã“ç„¼ã', org: 'ï¼’Mæœ‰å¿—' },
  GD9231WFM: { id: 'v2AS', name: 'ãƒã‚¸ãƒŸå±‹', org: 'ï¼’å¹´å°‚æ”»ç§‘æœ‰å¿—' },
  GDA6G1J9M: { id: 'v5C', name: 'ãƒãƒ£ãƒ¼ãƒãƒ³', org: 'ï¼•Cæœ‰å¿—' },
  GD94TP1EW: { id: 'c1AC', name: 'é£²ã¿ç‰©', org: 'ï¼‘å¹´å°‚æ”»ç§‘' },
  GD9ACCG3X: { id: 'v4C', name: 'ç„¼ãé¤ƒå­', org: 'ï¼”Cæœ‰å¿—' },
  GD9ACCLHK: { id: 'v3D', name: 'ãƒ•ãƒ«ãƒ¼ãƒ„ã‚µãƒ³ãƒ‰', org: 'ï¼“Dæœ‰å¿—' },
  GD8GEHCPK: { id: 'c4J', name: 'ãƒãƒ§ã‚³ãƒãƒŠãƒŠ', org: 'ï¼”Jã‚¯ãƒ©ã‚¹' },
  GDA6G28QP: { id: 'sw', name: 'ç„¼ããã°', org: 'æ°´æ³³éƒ¨' },
  GDAFJBV0E: { id: 'fb', name: 'ãƒˆãƒ«ãƒãƒ¼ãƒ‰ãƒãƒ†ãƒˆ', org: 'ã‚µãƒƒã‚«ãƒ¼' },
  GDAFJBZ1C: { id: 'fs', name: 'ãƒãƒ†ãƒˆ', org: 'ãƒ•ãƒƒãƒˆã‚µãƒ«' },
  GD8V5T9HA: { id: 'yku', name: 'ãƒ©ãƒ¼ãƒ¡ãƒ³', org: 'é‡çƒ' },
  GD9ACDHMK: { id: 'bd', name: 'ãƒãƒ¥ãƒ­ã‚¹', org: 'ãƒãƒˆãƒŸãƒ³ãƒˆãƒ³' },
  GD8CJQLRE: { id: 'hb', name: 'ã‚ã‚‰ã³é¤…', org: 'ãƒãƒ³ãƒ‰ãƒœãƒ¼ãƒ«' },
  GDAFJCJ4W: { id: 'cm', name: 'ã‘ã‚“ã¡ã‚“æ±', org: 'ç§‘å­¦éƒ¨' },
  GD8V5TQCC: { id: 'htb', name: 'ç„¼ãé³¥', org: 'ç¡¬å¼ãƒ†ãƒ‹ã‚¹' },
  GD8GEJKG9: { id: 'vb', name: 'ãƒ›ãƒƒãƒˆãƒ‰ãƒƒã‚°', org: 'ãƒãƒ¬ãƒ¼éƒ¨' },
  GD94TQSH0: { id: 'bsk', name: 'ç‰›ä¸²', org: 'ãƒã‚¹ã‚±' },
  GDAFJCY6S: { id: 'tnf', name: 'ãƒ•ãƒ©ãƒ³ã‚¯ãƒ•ãƒ«ãƒˆ', org: 'é™¸ä¸Š' },
  GD9ACE99B: { id: 'cyc', name: 'ä»Šå·ç„¼ã', org: 'è‡ªå‹•è»Š' },
  GD9234A9H: { id: 'v5M', name: 'ã‚¹ã‚¿ãƒ³ãƒ—ãƒ©ãƒªãƒ¼', org: 'ï¼•Mæœ‰å¿—' },
  GD9234DTM: { id: 'c14', name: 'ã‚²ãƒ¼ãƒ ', org: 'ï¼”çµ„ã‚¯ãƒ©ã‚¹' },
  GD9ACEQ0M: { id: 'vM', name: 'å­¦ç§‘ä¼ç”»', org: 'Mç§‘æœ‰å¿—' },
  GD94TRH3L: { id: 'c13', name: 'å°„çš„', org: 'ï¼“çµ„ã‚¯ãƒ©ã‚¹' },
  GDAFJDPGE: { id: 'v14', name: 'ãƒãƒˆãƒ«ãƒ‰ãƒ¼ãƒ ', org: 'ï¼‘çµ„æœ‰å¿—' },
  GD8CJRYFJ: { id: 'c4D', name: 'ãƒˆãƒªãƒƒã‚¯ã‚ªã‚¢ãƒˆãƒªãƒ¼ãƒˆ', org: 'ï¼”ï¼¤ã‚¯ãƒ©ã‚¹' },
  GD9ACF59T: { id: 'v4D', name: 'ä¼‘æ†©æ‰€', org: 'ï¼”ï¼¤æœ‰å¿—' },
  GDA6G4LTH: { id: 'kusa', name: 'æ£®ã®ãƒŸãƒ¥ãƒ¼ã‚¸ã‚¢ãƒ ', org: 'è¾²æ—åŒå¥½ä¼š' },
  GD8CJSBHN: { id: 'pg', name: 'å†™çœŸå±•ç¤º', org: 'å†™çœŸéƒ¨' },
  GD8CJSGAC: { id: 'gcat', name: 'ã‚²ãƒ¼ãƒ å±•ç¤º', org: 'ï¼§ï¼ï¼£ï¼¡ï¼´' },
  GD8CJSML0: { id: 'tea', name: 'ãŠèŒ¶å‡ºã—', org: 'èŒ¶é“éƒ¨' } }
start process
{"message":"start process","level":"info"}
hello slack
{"message":"hello slack","level":"info"}
start slack process
GCSFWFUE8
not mogi GCSFWFUE8
GD8GEHCPK
c4J ãƒãƒ§ã‚³ãƒãƒŠãƒŠ
/home/kfes/workspace/2018.perform/bot/bot.js:171
    }else if(text.split(' ')[0]==='.goods'){
          ^

ReferenceError: text is not defined
    at RTMClient.rtm.on (/home/kfes/workspace/2018.perform/bot/bot.js:171:11)
    at RTMClient.emit (/home/kfes/workspace/2018.perform/bot/node_modules/eventemitter3/index.js:181:35)
    at RTMClient.onWebsocketMessage (/home/kfes/workspace/2018.perform/bot/node_modules/@slack/client/dist/RTMClient.js:475:14)
    at WebSocket.onMessage (/home/kfes/workspace/2018.perform/bot/node_modules/ws/lib/event-target.js:120:16)
    at emitOne (events.js:116:13)
    at WebSocket.emit (events.js:211:7)
    at Receiver.receiverOnMessage (/home/kfes/workspace/2018.perform/bot/node_modules/ws/lib/websocket.js:720:20)
    at emitOne (events.js:116:13)
    at Receiver.emit (events.js:211:7)
    at Receiver.dataMessage (/home/kfes/workspace/2018.perform/bot/node_modules/ws/lib/receiver.js:414:14)
error: Forever detected script exited with code: 1
error: Script restart attempt #3
{ GD9230A11: { id: 'c2D', name: 'ã‚µãƒ„ãƒã‚¤ãƒ¢', org: '2Dã‚¯ãƒ©ã‚¹' },
  GD94TMBFU: { id: 'c2C', name: 'ãƒ‘ãƒ³ã‚±ãƒ¼ã‚­å±‹ã•ã‚“', org: 'ï¼’Cã‚¯ãƒ©ã‚¹' },
  GD8V5QQ12: { id: 'c4M', name: 'ãŠå¥½ã¿ç„¼ã', org: 'ï¼”Mæœ‰å¿—' },
  GD9ACAZ0D: { id: 'v4E', name: 'å›£å­ã‚«ãƒ•ã‚§', org: 'ï¼”Eæœ‰å¿—' },
  GDAFJ9XC6: { id: 'nr', name: 'ã‚¯ãƒ¬ãƒ¼ãƒ—', org: 'è¾²æ—åŒå¥½ä¼š' },
  GD8GEG18R: { id: 'abd', name: 'ç•™å­¦ç”Ÿ', org: 'ç•™å­¦ç”Ÿ' },
  GD9231CLT: { id: 'v5D', name: 'ç¶¿é£´å±‹', org: 'ï¼•Dæœ‰å¿—' },
  GD8GEGDCH: { id: 'hl', name: 'ã‚¿ãƒ”ã‚ªã‚«', org: 'æ‰‹è©±' },
  GD94TNLUA: { id: 'v2M', name: 'ãŸã“ç„¼ã', org: 'ï¼’Mæœ‰å¿—' },
  GD9231WFM: { id: 'v2AS', name: 'ãƒã‚¸ãƒŸå±‹', org: 'ï¼’å¹´å°‚æ”»ç§‘æœ‰å¿—' },
  GDA6G1J9M: { id: 'v5C', name: 'ãƒãƒ£ãƒ¼ãƒãƒ³', org: 'ï¼•Cæœ‰å¿—' },
  GD94TP1EW: { id: 'c1AC', name: 'é£²ã¿ç‰©', org: 'ï¼‘å¹´å°‚æ”»ç§‘' },
  GD9ACCG3X: { id: 'v4C', name: 'ç„¼ãé¤ƒå­', org: 'ï¼”Cæœ‰å¿—' },
  GD9ACCLHK: { id: 'v3D', name: 'ãƒ•ãƒ«ãƒ¼ãƒ„ã‚µãƒ³ãƒ‰', org: 'ï¼“Dæœ‰å¿—' },
  GD8GEHCPK: { id: 'c4J', name: 'ãƒãƒ§ã‚³ãƒãƒŠãƒŠ', org: 'ï¼”Jã‚¯ãƒ©ã‚¹' },
  GDA6G28QP: { id: 'sw', name: 'ç„¼ããã°', org: 'æ°´æ³³éƒ¨' },
  GDAFJBV0E: { id: 'fb', name: 'ãƒˆãƒ«ãƒãƒ¼ãƒ‰ãƒãƒ†ãƒˆ', org: 'ã‚µãƒƒã‚«ãƒ¼' },
  GDAFJBZ1C: { id: 'fs', name: 'ãƒãƒ†ãƒˆ', org: 'ãƒ•ãƒƒãƒˆã‚µãƒ«' },
  GD8V5T9HA: { id: 'yku', name: 'ãƒ©ãƒ¼ãƒ¡ãƒ³', org: 'é‡çƒ' },
  GD9ACDHMK: { id: 'bd', name: 'ãƒãƒ¥ãƒ­ã‚¹', org: 'ãƒãƒˆãƒŸãƒ³ãƒˆãƒ³' },
  GD8CJQLRE: { id: 'hb', name: 'ã‚ã‚‰ã³é¤…', org: 'ãƒãƒ³ãƒ‰ãƒœãƒ¼ãƒ«' },
  GDAFJCJ4W: { id: 'cm', name: 'ã‘ã‚“ã¡ã‚“æ±', org: 'ç§‘å­¦éƒ¨' },
  GD8V5TQCC: { id: 'htb', name: 'ç„¼ãé³¥', org: 'ç¡¬å¼ãƒ†ãƒ‹ã‚¹' },
  GD8GEJKG9: { id: 'vb', name: 'ãƒ›ãƒƒãƒˆãƒ‰ãƒƒã‚°', org: 'ãƒãƒ¬ãƒ¼éƒ¨' },
  GD94TQSH0: { id: 'bsk', name: 'ç‰›ä¸²', org: 'ãƒã‚¹ã‚±' },
  GDAFJCY6S: { id: 'tnf', name: 'ãƒ•ãƒ©ãƒ³ã‚¯ãƒ•ãƒ«ãƒˆ', org: 'é™¸ä¸Š' },
  GD9ACE99B: { id: 'cyc', name: 'ä»Šå·ç„¼ã', org: 'è‡ªå‹•è»Š' },
  GD9234A9H: { id: 'v5M', name: 'ã‚¹ã‚¿ãƒ³ãƒ—ãƒ©ãƒªãƒ¼', org: 'ï¼•Mæœ‰å¿—' },
  GD9234DTM: { id: 'c14', name: 'ã‚²ãƒ¼ãƒ ', org: 'ï¼”çµ„ã‚¯ãƒ©ã‚¹' },
  GD9ACEQ0M: { id: 'vM', name: 'å­¦ç§‘ä¼ç”»', org: 'Mç§‘æœ‰å¿—' },
  GD94TRH3L: { id: 'c13', name: 'å°„çš„', org: 'ï¼“çµ„ã‚¯ãƒ©ã‚¹' },
  GDAFJDPGE: { id: 'v14', name: 'ãƒãƒˆãƒ«ãƒ‰ãƒ¼ãƒ ', org: 'ï¼‘çµ„æœ‰å¿—' },
  GD8CJRYFJ: { id: 'c4D', name: 'ãƒˆãƒªãƒƒã‚¯ã‚ªã‚¢ãƒˆãƒªãƒ¼ãƒˆ', org: 'ï¼”ï¼¤ã‚¯ãƒ©ã‚¹' },
  GD9ACF59T: { id: 'v4D', name: 'ä¼‘æ†©æ‰€', org: 'ï¼”ï¼¤æœ‰å¿—' },
  GDA6G4LTH: { id: 'kusa', name: 'æ£®ã®ãƒŸãƒ¥ãƒ¼ã‚¸ã‚¢ãƒ ', org: 'è¾²æ—åŒå¥½ä¼š' },
  GD8CJSBHN: { id: 'pg', name: 'å†™çœŸå±•ç¤º', org: 'å†™çœŸéƒ¨' },
  GD8CJSGAC: { id: 'gcat', name: 'ã‚²ãƒ¼ãƒ å±•ç¤º', org: 'ï¼§ï¼ï¼£ï¼¡ï¼´' },
  GD8CJSML0: { id: 'tea', name: 'ãŠèŒ¶å‡ºã—', org: 'èŒ¶é“éƒ¨' } }
start process
{"message":"start process","level":"info"}
hello slack
{"message":"hello slack","level":"info"}
start slack process
GCSFWFUE8
not mogi GCSFWFUE8
GD8GEHCPK
c4J ãƒãƒ§ã‚³ãƒãƒŠãƒŠ
/home/kfes/workspace/2018.perform/bot/bot.js:171
    }else if(text.split(' ')[0]==='.goods'){
          ^

ReferenceError: text is not defined
    at RTMClient.rtm.on (/home/kfes/workspace/2018.perform/bot/bot.js:171:11)
    at RTMClient.emit (/home/kfes/workspace/2018.perform/bot/node_modules/eventemitter3/index.js:181:35)
    at RTMClient.onWebsocketMessage (/home/kfes/workspace/2018.perform/bot/node_modules/@slack/client/dist/RTMClient.js:475:14)
    at WebSocket.onMessage (/home/kfes/workspace/2018.perform/bot/node_modules/ws/lib/event-target.js:120:16)
    at emitOne (events.js:116:13)
    at WebSocket.emit (events.js:211:7)
    at Receiver.receiverOnMessage (/home/kfes/workspace/2018.perform/bot/node_modules/ws/lib/websocket.js:720:20)
    at emitOne (events.js:116:13)
    at Receiver.emit (events.js:211:7)
    at Receiver.dataMessage (/home/kfes/workspace/2018.perform/bot/node_modules/ws/lib/receiver.js:414:14)
error: Forever detected script exited with code: 1
error: Script restart attempt #4
{ GD9230A11: { id: 'c2D', name: 'ã‚µãƒ„ãƒã‚¤ãƒ¢', org: '2Dã‚¯ãƒ©ã‚¹' },
  GD94TMBFU: { id: 'c2C', name: 'ãƒ‘ãƒ³ã‚±ãƒ¼ã‚­å±‹ã•ã‚“', org: 'ï¼’Cã‚¯ãƒ©ã‚¹' },
  GD8V5QQ12: { id: 'c4M', name: 'ãŠå¥½ã¿ç„¼ã', org: 'ï¼”Mæœ‰å¿—' },
  GD9ACAZ0D: { id: 'v4E', name: 'å›£å­ã‚«ãƒ•ã‚§', org: 'ï¼”Eæœ‰å¿—' },
  GDAFJ9XC6: { id: 'nr', name: 'ã‚¯ãƒ¬ãƒ¼ãƒ—', org: 'è¾²æ—åŒå¥½ä¼š' },
  GD8GEG18R: { id: 'abd', name: 'ç•™å­¦ç”Ÿ', org: 'ç•™å­¦ç”Ÿ' },
  GD9231CLT: { id: 'v5D', name: 'ç¶¿é£´å±‹', org: 'ï¼•Dæœ‰å¿—' },
  GD8GEGDCH: { id: 'hl', name: 'ã‚¿ãƒ”ã‚ªã‚«', org: 'æ‰‹è©±' },
  GD94TNLUA: { id: 'v2M', name: 'ãŸã“ç„¼ã', org: 'ï¼’Mæœ‰å¿—' },
  GD9231WFM: { id: 'v2AS', name: 'ãƒã‚¸ãƒŸå±‹', org: 'ï¼’å¹´å°‚æ”»ç§‘æœ‰å¿—' },
  GDA6G1J9M: { id: 'v5C', name: 'ãƒãƒ£ãƒ¼ãƒãƒ³', org: 'ï¼•Cæœ‰å¿—' },
  GD94TP1EW: { id: 'c1AC', name: 'é£²ã¿ç‰©', org: 'ï¼‘å¹´å°‚æ”»ç§‘' },
  GD9ACCG3X: { id: 'v4C', name: 'ç„¼ãé¤ƒå­', org: 'ï¼”Cæœ‰å¿—' },
  GD9ACCLHK: { id: 'v3D', name: 'ãƒ•ãƒ«ãƒ¼ãƒ„ã‚µãƒ³ãƒ‰', org: 'ï¼“Dæœ‰å¿—' },
  GD8GEHCPK: { id: 'c4J', name: 'ãƒãƒ§ã‚³ãƒãƒŠãƒŠ', org: 'ï¼”Jã‚¯ãƒ©ã‚¹' },
  GDA6G28QP: { id: 'sw', name: 'ç„¼ããã°', org: 'æ°´æ³³éƒ¨' },
  GDAFJBV0E: { id: 'fb', name: 'ãƒˆãƒ«ãƒãƒ¼ãƒ‰ãƒãƒ†ãƒˆ', org: 'ã‚µãƒƒã‚«ãƒ¼' },
  GDAFJBZ1C: { id: 'fs', name: 'ãƒãƒ†ãƒˆ', org: 'ãƒ•ãƒƒãƒˆã‚µãƒ«' },
  GD8V5T9HA: { id: 'yku', name: 'ãƒ©ãƒ¼ãƒ¡ãƒ³', org: 'é‡çƒ' },
  GD9ACDHMK: { id: 'bd', name: 'ãƒãƒ¥ãƒ­ã‚¹', org: 'ãƒãƒˆãƒŸãƒ³ãƒˆãƒ³' },
  GD8CJQLRE: { id: 'hb', name: 'ã‚ã‚‰ã³é¤…', org: 'ãƒãƒ³ãƒ‰ãƒœãƒ¼ãƒ«' },
  GDAFJCJ4W: { id: 'cm', name: 'ã‘ã‚“ã¡ã‚“æ±', org: 'ç§‘å­¦éƒ¨' },
  GD8V5TQCC: { id: 'htb', name: 'ç„¼ãé³¥', org: 'ç¡¬å¼ãƒ†ãƒ‹ã‚¹' },
  GD8GEJKG9: { id: 'vb', name: 'ãƒ›ãƒƒãƒˆãƒ‰ãƒƒã‚°', org: 'ãƒãƒ¬ãƒ¼éƒ¨' },
  GD94TQSH0: { id: 'bsk', name: 'ç‰›ä¸²', org: 'ãƒã‚¹ã‚±' },
  GDAFJCY6S: { id: 'tnf', name: 'ãƒ•ãƒ©ãƒ³ã‚¯ãƒ•ãƒ«ãƒˆ', org: 'é™¸ä¸Š' },
  GD9ACE99B: { id: 'cyc', name: 'ä»Šå·ç„¼ã', org: 'è‡ªå‹•è»Š' },
  GD9234A9H: { id: 'v5M', name: 'ã‚¹ã‚¿ãƒ³ãƒ—ãƒ©ãƒªãƒ¼', org: 'ï¼•Mæœ‰å¿—' },
  GD9234DTM: { id: 'c14', name: 'ã‚²ãƒ¼ãƒ ', org: 'ï¼”çµ„ã‚¯ãƒ©ã‚¹' },
  GD9ACEQ0M: { id: 'vM', name: 'å­¦ç§‘ä¼ç”»', org: 'Mç§‘æœ‰å¿—' },
  GD94TRH3L: { id: 'c13', name: 'å°„çš„', org: 'ï¼“çµ„ã‚¯ãƒ©ã‚¹' },
  GDAFJDPGE: { id: 'v14', name: 'ãƒãƒˆãƒ«ãƒ‰ãƒ¼ãƒ ', org: 'ï¼‘çµ„æœ‰å¿—' },
  GD8CJRYFJ: { id: 'c4D', name: 'ãƒˆãƒªãƒƒã‚¯ã‚ªã‚¢ãƒˆãƒªãƒ¼ãƒˆ', org: 'ï¼”ï¼¤ã‚¯ãƒ©ã‚¹' },
  GD9ACF59T: { id: 'v4D', name: 'ä¼‘æ†©æ‰€', org: 'ï¼”ï¼¤æœ‰å¿—' },
  GDA6G4LTH: { id: 'kusa', name: 'æ£®ã®ãƒŸãƒ¥ãƒ¼ã‚¸ã‚¢ãƒ ', org: 'è¾²æ—åŒå¥½ä¼š' },
  GD8CJSBHN: { id: 'pg', name: 'å†™çœŸå±•ç¤º', org: 'å†™çœŸéƒ¨' },
  GD8CJSGAC: { id: 'gcat', name: 'ã‚²ãƒ¼ãƒ å±•ç¤º', org: 'ï¼§ï¼ï¼£ï¼¡ï¼´' },
  GD8CJSML0: { id: 'tea', name: 'ãŠèŒ¶å‡ºã—', org: 'èŒ¶é“éƒ¨' } }
start process
{"message":"start process","level":"info"}
hello slack
{"message":"hello slack","level":"info"}
start slack process
GCSFWFUE8
not mogi GCSFWFUE8
GD8GEG18R
abd ç•™å­¦ç”Ÿ
/home/kfes/workspace/2018.perform/bot/bot.js:171
    }else if(text.split(' ')[0]==='.goods'){
          ^

ReferenceError: text is not defined
    at RTMClient.rtm.on (/home/kfes/workspace/2018.perform/bot/bot.js:171:11)
    at RTMClient.emit (/home/kfes/workspace/2018.perform/bot/node_modules/eventemitter3/index.js:181:35)
    at RTMClient.onWebsocketMessage (/home/kfes/workspace/2018.perform/bot/node_modules/@slack/client/dist/RTMClient.js:475:14)
    at WebSocket.onMessage (/home/kfes/workspace/2018.perform/bot/node_modules/ws/lib/event-target.js:120:16)
    at emitOne (events.js:116:13)
    at WebSocket.emit (events.js:211:7)
    at Receiver.receiverOnMessage (/home/kfes/workspace/2018.perform/bot/node_modules/ws/lib/websocket.js:720:20)
    at emitOne (events.js:116:13)
    at Receiver.emit (events.js:211:7)
    at Receiver.dataMessage (/home/kfes/workspace/2018.perform/bot/node_modules/ws/lib/receiver.js:414:14)
error: Forever detected script exited with code: 1
error: Script restart attempt #5
{ GD9230A11: { id: 'c2D', name: 'ã‚µãƒ„ãƒã‚¤ãƒ¢', org: '2Dã‚¯ãƒ©ã‚¹' },
  GD94TMBFU: { id: 'c2C', name: 'ãƒ‘ãƒ³ã‚±ãƒ¼ã‚­å±‹ã•ã‚“', org: 'ï¼’Cã‚¯ãƒ©ã‚¹' },
  GD8V5QQ12: { id: 'c4M', name: 'ãŠå¥½ã¿ç„¼ã', org: 'ï¼”Mæœ‰å¿—' },
  GD9ACAZ0D: { id: 'v4E', name: 'å›£å­ã‚«ãƒ•ã‚§', org: 'ï¼”Eæœ‰å¿—' },
  GDAFJ9XC6: { id: 'nr', name: 'ã‚¯ãƒ¬ãƒ¼ãƒ—', org: 'è¾²æ—åŒå¥½ä¼š' },
  GD8GEG18R: { id: 'abd', name: 'ç•™å­¦ç”Ÿ', org: 'ç•™å­¦ç”Ÿ' },
  GD9231CLT: { id: 'v5D', name: 'ç¶¿é£´å±‹', org: 'ï¼•Dæœ‰å¿—' },
  GD8GEGDCH: { id: 'hl', name: 'ã‚¿ãƒ”ã‚ªã‚«', org: 'æ‰‹è©±' },
  GD94TNLUA: { id: 'v2M', name: 'ãŸã“ç„¼ã', org: 'ï¼’Mæœ‰å¿—' },
  GD9231WFM: { id: 'v2AS', name: 'ãƒã‚¸ãƒŸå±‹', org: 'ï¼’å¹´å°‚æ”»ç§‘æœ‰å¿—' },
  GDA6G1J9M: { id: 'v5C', name: 'ãƒãƒ£ãƒ¼ãƒãƒ³', org: 'ï¼•Cæœ‰å¿—' },
  GD94TP1EW: { id: 'c1AC', name: 'é£²ã¿ç‰©', org: 'ï¼‘å¹´å°‚æ”»ç§‘' },
  GD9ACCG3X: { id: 'v4C', name: 'ç„¼ãé¤ƒå­', org: 'ï¼”Cæœ‰å¿—' },
  GD9ACCLHK: { id: 'v3D', name: 'ãƒ•ãƒ«ãƒ¼ãƒ„ã‚µãƒ³ãƒ‰', org: 'ï¼“Dæœ‰å¿—' },
  GD8GEHCPK: { id: 'c4J', name: 'ãƒãƒ§ã‚³ãƒãƒŠãƒŠ', org: 'ï¼”Jã‚¯ãƒ©ã‚¹' },
  GDA6G28QP: { id: 'sw', name: 'ç„¼ããã°', org: 'æ°´æ³³éƒ¨' },
  GDAFJBV0E: { id: 'fb', name: 'ãƒˆãƒ«ãƒãƒ¼ãƒ‰ãƒãƒ†ãƒˆ', org: 'ã‚µãƒƒã‚«ãƒ¼' },
  GDAFJBZ1C: { id: 'fs', name: 'ãƒãƒ†ãƒˆ', org: 'ãƒ•ãƒƒãƒˆã‚µãƒ«' },
  GD8V5T9HA: { id: 'yku', name: 'ãƒ©ãƒ¼ãƒ¡ãƒ³', org: 'é‡çƒ' },
  GD9ACDHMK: { id: 'bd', name: 'ãƒãƒ¥ãƒ­ã‚¹', org: 'ãƒãƒˆãƒŸãƒ³ãƒˆãƒ³' },
  GD8CJQLRE: { id: 'hb', name: 'ã‚ã‚‰ã³é¤…', org: 'ãƒãƒ³ãƒ‰ãƒœãƒ¼ãƒ«' },
  GDAFJCJ4W: { id: 'cm', name: 'ã‘ã‚“ã¡ã‚“æ±', org: 'ç§‘å­¦éƒ¨' },
  GD8V5TQCC: { id: 'htb', name: 'ç„¼ãé³¥', org: 'ç¡¬å¼ãƒ†ãƒ‹ã‚¹' },
  GD8GEJKG9: { id: 'vb', name: 'ãƒ›ãƒƒãƒˆãƒ‰ãƒƒã‚°', org: 'ãƒãƒ¬ãƒ¼éƒ¨' },
  GD94TQSH0: { id: 'bsk', name: 'ç‰›ä¸²', org: 'ãƒã‚¹ã‚±' },
  GDAFJCY6S: { id: 'tnf', name: 'ãƒ•ãƒ©ãƒ³ã‚¯ãƒ•ãƒ«ãƒˆ', org: 'é™¸ä¸Š' },
  GD9ACE99B: { id: 'cyc', name: 'ä»Šå·ç„¼ã', org: 'è‡ªå‹•è»Š' },
  GD9234A9H: { id: 'v5M', name: 'ã‚¹ã‚¿ãƒ³ãƒ—ãƒ©ãƒªãƒ¼', org: 'ï¼•Mæœ‰å¿—' },
  GD9234DTM: { id: 'c14', name: 'ã‚²ãƒ¼ãƒ ', org: 'ï¼”çµ„ã‚¯ãƒ©ã‚¹' },
  GD9ACEQ0M: { id: 'vM', name: 'å­¦ç§‘ä¼ç”»', org: 'Mç§‘æœ‰å¿—' },
  GD94TRH3L: { id: 'c13', name: 'å°„çš„', org: 'ï¼“çµ„ã‚¯ãƒ©ã‚¹' },
  GDAFJDPGE: { id: 'v14', name: 'ãƒãƒˆãƒ«ãƒ‰ãƒ¼ãƒ ', org: 'ï¼‘çµ„æœ‰å¿—' },
  GD8CJRYFJ: { id: 'c4D', name: 'ãƒˆãƒªãƒƒã‚¯ã‚ªã‚¢ãƒˆãƒªãƒ¼ãƒˆ', org: 'ï¼”ï¼¤ã‚¯ãƒ©ã‚¹' },
  GD9ACF59T: { id: 'v4D', name: 'ä¼‘æ†©æ‰€', org: 'ï¼”ï¼¤æœ‰å¿—' },
  GDA6G4LTH: { id: 'kusa', name: 'æ£®ã®ãƒŸãƒ¥ãƒ¼ã‚¸ã‚¢ãƒ ', org: 'è¾²æ—åŒå¥½ä¼š' },
  GD8CJSBHN: { id: 'pg', name: 'å†™çœŸå±•ç¤º', org: 'å†™çœŸéƒ¨' },
  GD8CJSGAC: { id: 'gcat', name: 'ã‚²ãƒ¼ãƒ å±•ç¤º', org: 'ï¼§ï¼ï¼£ï¼¡ï¼´' },
  GD8CJSML0: { id: 'tea', name: 'ãŠèŒ¶å‡ºã—', org: 'èŒ¶é“éƒ¨' } }
start process
{"message":"start process","level":"info"}
hello slack
{"message":"hello slack","level":"info"}
start slack process
GCSFWFUE8
not mogi GCSFWFUE8
GD8GEG18R
abd ç•™å­¦ç”Ÿ
/home/kfes/workspace/2018.perform/bot/bot.js:171
    }else if(text.split(' ')[0]==='.goods'){
          ^

ReferenceError: text is not defined
    at RTMClient.rtm.on (/home/kfes/workspace/2018.perform/bot/bot.js:171:11)
    at RTMClient.emit (/home/kfes/workspace/2018.perform/bot/node_modules/eventemitter3/index.js:181:35)
    at RTMClient.onWebsocketMessage (/home/kfes/workspace/2018.perform/bot/node_modules/@slack/client/dist/RTMClient.js:475:14)
    at WebSocket.onMessage (/home/kfes/workspace/2018.perform/bot/node_modules/ws/lib/event-target.js:120:16)
    at emitOne (events.js:116:13)
    at WebSocket.emit (events.js:211:7)
    at Receiver.receiverOnMessage (/home/kfes/workspace/2018.perform/bot/node_modules/ws/lib/websocket.js:720:20)
    at emitOne (events.js:116:13)
    at Receiver.emit (events.js:211:7)
    at Receiver.dataMessage (/home/kfes/workspace/2018.perform/bot/node_modules/ws/lib/receiver.js:414:14)
error: Forever detected script exited with code: 1
error: Script restart attempt #6
{ GD9230A11: { id: 'c2D', name: 'ã‚µãƒ„ãƒã‚¤ãƒ¢', org: '2Dã‚¯ãƒ©ã‚¹' },
  GD94TMBFU: { id: 'c2C', name: 'ãƒ‘ãƒ³ã‚±ãƒ¼ã‚­å±‹ã•ã‚“', org: 'ï¼’Cã‚¯ãƒ©ã‚¹' },
  GD8V5QQ12: { id: 'c4M', name: 'ãŠå¥½ã¿ç„¼ã', org: 'ï¼”Mæœ‰å¿—' },
  GD9ACAZ0D: { id: 'v4E', name: 'å›£å­ã‚«ãƒ•ã‚§', org: 'ï¼”Eæœ‰å¿—' },
  GDAFJ9XC6: { id: 'nr', name: 'ã‚¯ãƒ¬ãƒ¼ãƒ—', org: 'è¾²æ—åŒå¥½ä¼š' },
  GD8GEG18R: { id: 'abd', name: 'ç•™å­¦ç”Ÿ', org: 'ç•™å­¦ç”Ÿ' },
  GD9231CLT: { id: 'v5D', name: 'ç¶¿é£´å±‹', org: 'ï¼•Dæœ‰å¿—' },
  GD8GEGDCH: { id: 'hl', name: 'ã‚¿ãƒ”ã‚ªã‚«', org: 'æ‰‹è©±' },
  GD94TNLUA: { id: 'v2M', name: 'ãŸã“ç„¼ã', org: 'ï¼’Mæœ‰å¿—' },
  GD9231WFM: { id: 'v2AS', name: 'ãƒã‚¸ãƒŸå±‹', org: 'ï¼’å¹´å°‚æ”»ç§‘æœ‰å¿—' },
  GDA6G1J9M: { id: 'v5C', name: 'ãƒãƒ£ãƒ¼ãƒãƒ³', org: 'ï¼•Cæœ‰å¿—' },
  GD94TP1EW: { id: 'c1AC', name: 'é£²ã¿ç‰©', org: 'ï¼‘å¹´å°‚æ”»ç§‘' },
  GD9ACCG3X: { id: 'v4C', name: 'ç„¼ãé¤ƒå­', org: 'ï¼”Cæœ‰å¿—' },
  GD9ACCLHK: { id: 'v3D', name: 'ãƒ•ãƒ«ãƒ¼ãƒ„ã‚µãƒ³ãƒ‰', org: 'ï¼“Dæœ‰å¿—' },
  GD8GEHCPK: { id: 'c4J', name: 'ãƒãƒ§ã‚³ãƒãƒŠãƒŠ', org: 'ï¼”Jã‚¯ãƒ©ã‚¹' },
  GDA6G28QP: { id: 'sw', name: 'ç„¼ããã°', org: 'æ°´æ³³éƒ¨' },
  GDAFJBV0E: { id: 'fb', name: 'ãƒˆãƒ«ãƒãƒ¼ãƒ‰ãƒãƒ†ãƒˆ', org: 'ã‚µãƒƒã‚«ãƒ¼' },
  GDAFJBZ1C: { id: 'fs', name: 'ãƒãƒ†ãƒˆ', org: 'ãƒ•ãƒƒãƒˆã‚µãƒ«' },
  GD8V5T9HA: { id: 'yku', name: 'ãƒ©ãƒ¼ãƒ¡ãƒ³', org: 'é‡çƒ' },
  GD9ACDHMK: { id: 'bd', name: 'ãƒãƒ¥ãƒ­ã‚¹', org: 'ãƒãƒˆãƒŸãƒ³ãƒˆãƒ³' },
  GD8CJQLRE: { id: 'hb', name: 'ã‚ã‚‰ã³é¤…', org: 'ãƒãƒ³ãƒ‰ãƒœãƒ¼ãƒ«' },
  GDAFJCJ4W: { id: 'cm', name: 'ã‘ã‚“ã¡ã‚“æ±', org: 'ç§‘å­¦éƒ¨' },
  GD8V5TQCC: { id: 'htb', name: 'ç„¼ãé³¥', org: 'ç¡¬å¼ãƒ†ãƒ‹ã‚¹' },
  GD8GEJKG9: { id: 'vb', name: 'ãƒ›ãƒƒãƒˆãƒ‰ãƒƒã‚°', org: 'ãƒãƒ¬ãƒ¼éƒ¨' },
  GD94TQSH0: { id: 'bsk', name: 'ç‰›ä¸²', org: 'ãƒã‚¹ã‚±' },
  GDAFJCY6S: { id: 'tnf', name: 'ãƒ•ãƒ©ãƒ³ã‚¯ãƒ•ãƒ«ãƒˆ', org: 'é™¸ä¸Š' },
  GD9ACE99B: { id: 'cyc', name: 'ä»Šå·ç„¼ã', org: 'è‡ªå‹•è»Š' },
  GD9234A9H: { id: 'v5M', name: 'ã‚¹ã‚¿ãƒ³ãƒ—ãƒ©ãƒªãƒ¼', org: 'ï¼•Mæœ‰å¿—' },
  GD9234DTM: { id: 'c14', name: 'ã‚²ãƒ¼ãƒ ', org: 'ï¼”çµ„ã‚¯ãƒ©ã‚¹' },
  GD9ACEQ0M: { id: 'vM', name: 'å­¦ç§‘ä¼ç”»', org: 'Mç§‘æœ‰å¿—' },
  GD94TRH3L: { id: 'c13', name: 'å°„çš„', org: 'ï¼“çµ„ã‚¯ãƒ©ã‚¹' },
  GDAFJDPGE: { id: 'v14', name: 'ãƒãƒˆãƒ«ãƒ‰ãƒ¼ãƒ ', org: 'ï¼‘çµ„æœ‰å¿—' },
  GD8CJRYFJ: { id: 'c4D', name: 'ãƒˆãƒªãƒƒã‚¯ã‚ªã‚¢ãƒˆãƒªãƒ¼ãƒˆ', org: 'ï¼”ï¼¤ã‚¯ãƒ©ã‚¹' },
  GD9ACF59T: { id: 'v4D', name: 'ä¼‘æ†©æ‰€', org: 'ï¼”ï¼¤æœ‰å¿—' },
  GDA6G4LTH: { id: 'kusa', name: 'æ£®ã®ãƒŸãƒ¥ãƒ¼ã‚¸ã‚¢ãƒ ', org: 'è¾²æ—åŒå¥½ä¼š' },
  GD8CJSBHN: { id: 'pg', name: 'å†™çœŸå±•ç¤º', org: 'å†™çœŸéƒ¨' },
  GD8CJSGAC: { id: 'gcat', name: 'ã‚²ãƒ¼ãƒ å±•ç¤º', org: 'ï¼§ï¼ï¼£ï¼¡ï¼´' },
  GD8CJSML0: { id: 'tea', name: 'ãŠèŒ¶å‡ºã—', org: 'èŒ¶é“éƒ¨' } }
start process
{"message":"start process","level":"info"}
hello slack
{"message":"hello slack","level":"info"}
start slack process
GCSFWFUE8
not mogi GCSFWFUE8
